<?xml version="1.0" encoding="UTF-8"?>
<testsuite xmlns:xsi="http://www.w3.org/2001/XMLSchema-instance" xsi:noNamespaceSchemaLocation="https://maven.apache.org/surefire/maven-surefire-plugin/xsd/surefire-test-report.xsd" version="3.0.2" name="com.MrSurenK.SpendSense_BackEnd.SpendSenseBackEndApplicationTests" time="1.958" tests="1" errors="0" skipped="0" failures="0">
  <properties>
    <property name="java.specification.version" value="17"/>
    <property name="sun.jnu.encoding" value="UTF-8"/>
    <property name="java.class.path" value="/home/surenk/Personal_Projects/FinanceTracker/SpendSense/SpendSense-BackEnd/target/test-classes:/home/surenk/Personal_Projects/FinanceTracker/SpendSense/SpendSense-BackEnd/target/classes:/home/surenk/.m2/repository/org/springframework/boot/spring-boot-starter-data-jpa/3.4.2/spring-boot-starter-data-jpa-3.4.2.jar:/home/surenk/.m2/repository/org/springframework/boot/spring-boot-starter/3.4.2/spring-boot-starter-3.4.2.jar:/home/surenk/.m2/repository/org/springframework/boot/spring-boot-starter-logging/3.4.2/spring-boot-starter-logging-3.4.2.jar:/home/surenk/.m2/repository/ch/qos/logback/logback-classic/1.5.16/logback-classic-1.5.16.jar:/home/surenk/.m2/repository/ch/qos/logback/logback-core/1.5.16/logback-core-1.5.16.jar:/home/surenk/.m2/repository/org/apache/logging/log4j/log4j-to-slf4j/2.24.3/log4j-to-slf4j-2.24.3.jar:/home/surenk/.m2/repository/org/apache/logging/log4j/log4j-api/2.24.3/log4j-api-2.24.3.jar:/home/surenk/.m2/repository/org/slf4j/jul-to-slf4j/2.0.16/jul-to-slf4j-2.0.16.jar:/home/surenk/.m2/repository/jakarta/annotation/jakarta.annotation-api/2.1.1/jakarta.annotation-api-2.1.1.jar:/home/surenk/.m2/repository/org/yaml/snakeyaml/2.3/snakeyaml-2.3.jar:/home/surenk/.m2/repository/org/springframework/boot/spring-boot-starter-jdbc/3.4.2/spring-boot-starter-jdbc-3.4.2.jar:/home/surenk/.m2/repository/com/zaxxer/HikariCP/5.1.0/HikariCP-5.1.0.jar:/home/surenk/.m2/repository/org/springframework/spring-jdbc/6.2.2/spring-jdbc-6.2.2.jar:/home/surenk/.m2/repository/org/hibernate/orm/hibernate-core/6.6.5.Final/hibernate-core-6.6.5.Final.jar:/home/surenk/.m2/repository/jakarta/persistence/jakarta.persistence-api/3.1.0/jakarta.persistence-api-3.1.0.jar:/home/surenk/.m2/repository/jakarta/transaction/jakarta.transaction-api/2.0.1/jakarta.transaction-api-2.0.1.jar:/home/surenk/.m2/repository/org/jboss/logging/jboss-logging/3.6.1.Final/jboss-logging-3.6.1.Final.jar:/home/surenk/.m2/repository/org/hibernate/common/hibernate-commons-annotations/7.0.3.Final/hibernate-commons-annotations-7.0.3.Final.jar:/home/surenk/.m2/repository/io/smallrye/jandex/3.2.0/jandex-3.2.0.jar:/home/surenk/.m2/repository/com/fasterxml/classmate/1.7.0/classmate-1.7.0.jar:/home/surenk/.m2/repository/net/bytebuddy/byte-buddy/1.15.11/byte-buddy-1.15.11.jar:/home/surenk/.m2/repository/org/glassfish/jaxb/jaxb-runtime/4.0.5/jaxb-runtime-4.0.5.jar:/home/surenk/.m2/repository/org/glassfish/jaxb/jaxb-core/4.0.5/jaxb-core-4.0.5.jar:/home/surenk/.m2/repository/org/glassfish/jaxb/txw2/4.0.5/txw2-4.0.5.jar:/home/surenk/.m2/repository/com/sun/istack/istack-commons-runtime/4.1.2/istack-commons-runtime-4.1.2.jar:/home/surenk/.m2/repository/jakarta/inject/jakarta.inject-api/2.0.1/jakarta.inject-api-2.0.1.jar:/home/surenk/.m2/repository/org/antlr/antlr4-runtime/4.13.0/antlr4-runtime-4.13.0.jar:/home/surenk/.m2/repository/org/springframework/data/spring-data-jpa/3.4.2/spring-data-jpa-3.4.2.jar:/home/surenk/.m2/repository/org/springframework/data/spring-data-commons/3.4.2/spring-data-commons-3.4.2.jar:/home/surenk/.m2/repository/org/springframework/spring-orm/6.2.2/spring-orm-6.2.2.jar:/home/surenk/.m2/repository/org/springframework/spring-context/6.2.2/spring-context-6.2.2.jar:/home/surenk/.m2/repository/org/springframework/spring-tx/6.2.2/spring-tx-6.2.2.jar:/home/surenk/.m2/repository/org/springframework/spring-beans/6.2.2/spring-beans-6.2.2.jar:/home/surenk/.m2/repository/org/slf4j/slf4j-api/2.0.16/slf4j-api-2.0.16.jar:/home/surenk/.m2/repository/org/springframework/spring-aspects/6.2.2/spring-aspects-6.2.2.jar:/home/surenk/.m2/repository/org/aspectj/aspectjweaver/1.9.22.1/aspectjweaver-1.9.22.1.jar:/home/surenk/.m2/repository/org/springframework/boot/spring-boot-starter-mail/3.4.2/spring-boot-starter-mail-3.4.2.jar:/home/surenk/.m2/repository/org/springframework/spring-context-support/6.2.2/spring-context-support-6.2.2.jar:/home/surenk/.m2/repository/org/eclipse/angus/jakarta.mail/2.0.3/jakarta.mail-2.0.3.jar:/home/surenk/.m2/repository/jakarta/activation/jakarta.activation-api/2.1.3/jakarta.activation-api-2.1.3.jar:/home/surenk/.m2/repository/org/eclipse/angus/angus-activation/2.0.2/angus-activation-2.0.2.jar:/home/surenk/.m2/repository/org/springframework/boot/spring-boot-starter-security/3.4.2/spring-boot-starter-security-3.4.2.jar:/home/surenk/.m2/repository/org/springframework/spring-aop/6.2.2/spring-aop-6.2.2.jar:/home/surenk/.m2/repository/org/springframework/security/spring-security-config/6.4.2/spring-security-config-6.4.2.jar:/home/surenk/.m2/repository/org/springframework/security/spring-security-web/6.4.2/spring-security-web-6.4.2.jar:/home/surenk/.m2/repository/org/springframework/spring-expression/6.2.2/spring-expression-6.2.2.jar:/home/surenk/.m2/repository/org/springframework/boot/spring-boot-starter-validation/3.4.2/spring-boot-starter-validation-3.4.2.jar:/home/surenk/.m2/repository/org/apache/tomcat/embed/tomcat-embed-el/10.1.34/tomcat-embed-el-10.1.34.jar:/home/surenk/.m2/repository/org/hibernate/validator/hibernate-validator/8.0.2.Final/hibernate-validator-8.0.2.Final.jar:/home/surenk/.m2/repository/jakarta/validation/jakarta.validation-api/3.0.2/jakarta.validation-api-3.0.2.jar:/home/surenk/.m2/repository/org/springframework/boot/spring-boot-starter-web/3.4.2/spring-boot-starter-web-3.4.2.jar:/home/surenk/.m2/repository/org/springframework/boot/spring-boot-starter-json/3.4.2/spring-boot-starter-json-3.4.2.jar:/home/surenk/.m2/repository/com/fasterxml/jackson/datatype/jackson-datatype-jdk8/2.18.2/jackson-datatype-jdk8-2.18.2.jar:/home/surenk/.m2/repository/com/fasterxml/jackson/datatype/jackson-datatype-jsr310/2.18.2/jackson-datatype-jsr310-2.18.2.jar:/home/surenk/.m2/repository/org/springframework/boot/spring-boot-starter-tomcat/3.4.2/spring-boot-starter-tomcat-3.4.2.jar:/home/surenk/.m2/repository/org/apache/tomcat/embed/tomcat-embed-core/10.1.34/tomcat-embed-core-10.1.34.jar:/home/surenk/.m2/repository/org/apache/tomcat/embed/tomcat-embed-websocket/10.1.34/tomcat-embed-websocket-10.1.34.jar:/home/surenk/.m2/repository/org/springframework/spring-web/6.2.2/spring-web-6.2.2.jar:/home/surenk/.m2/repository/io/micrometer/micrometer-observation/1.14.3/micrometer-observation-1.14.3.jar:/home/surenk/.m2/repository/io/micrometer/micrometer-commons/1.14.3/micrometer-commons-1.14.3.jar:/home/surenk/.m2/repository/org/springframework/spring-webmvc/6.2.2/spring-webmvc-6.2.2.jar:/home/surenk/.m2/repository/org/springframework/modulith/spring-modulith-starter-core/1.3.1/spring-modulith-starter-core-1.3.1.jar:/home/surenk/.m2/repository/org/springframework/modulith/spring-modulith-api/1.3.1/spring-modulith-api-1.3.1.jar:/home/surenk/.m2/repository/org/springframework/modulith/spring-modulith-apt/1.3.1/spring-modulith-apt-1.3.1.jar:/home/surenk/.m2/repository/org/springframework/modulith/spring-modulith-core/1.3.1/spring-modulith-core-1.3.1.jar:/home/surenk/.m2/repository/com/tngtech/archunit/archunit/1.3.0/archunit-1.3.0.jar:/home/surenk/.m2/repository/org/springframework/modulith/spring-modulith-moments/1.3.1/spring-modulith-moments-1.3.1.jar:/home/surenk/.m2/repository/org/jmolecules/jmolecules-events/1.10.0/jmolecules-events-1.10.0.jar:/home/surenk/.m2/repository/org/springframework/modulith/spring-modulith-starter-jpa/1.3.1/spring-modulith-starter-jpa-1.3.1.jar:/home/surenk/.m2/repository/org/springframework/modulith/spring-modulith-events-api/1.3.1/spring-modulith-events-api-1.3.1.jar:/home/surenk/.m2/repository/org/springframework/modulith/spring-modulith-events-core/1.3.1/spring-modulith-events-core-1.3.1.jar:/home/surenk/.m2/repository/org/slf4j/jcl-over-slf4j/2.0.16/jcl-over-slf4j-2.0.16.jar:/home/surenk/.m2/repository/org/springframework/modulith/spring-modulith-events-jackson/1.3.1/spring-modulith-events-jackson-1.3.1.jar:/home/surenk/.m2/repository/org/springframework/modulith/spring-modulith-events-jpa/1.3.1/spring-modulith-events-jpa-1.3.1.jar:/home/surenk/.m2/repository/org/springframework/session/spring-session-core/3.4.1/spring-session-core-3.4.1.jar:/home/surenk/.m2/repository/org/springframework/spring-jcl/6.2.2/spring-jcl-6.2.2.jar:/home/surenk/.m2/repository/org/springframework/boot/spring-boot-devtools/3.4.2/spring-boot-devtools-3.4.2.jar:/home/surenk/.m2/repository/org/springframework/boot/spring-boot/3.4.2/spring-boot-3.4.2.jar:/home/surenk/.m2/repository/org/springframework/boot/spring-boot-autoconfigure/3.4.2/spring-boot-autoconfigure-3.4.2.jar:/home/surenk/.m2/repository/org/springframework/boot/spring-boot-docker-compose/3.4.2/spring-boot-docker-compose-3.4.2.jar:/home/surenk/.m2/repository/com/fasterxml/jackson/core/jackson-databind/2.18.2/jackson-databind-2.18.2.jar:/home/surenk/.m2/repository/com/fasterxml/jackson/core/jackson-annotations/2.18.2/jackson-annotations-2.18.2.jar:/home/surenk/.m2/repository/com/fasterxml/jackson/core/jackson-core/2.18.2/jackson-core-2.18.2.jar:/home/surenk/.m2/repository/com/fasterxml/jackson/module/jackson-module-parameter-names/2.18.2/jackson-module-parameter-names-2.18.2.jar:/home/surenk/.m2/repository/com/mysql/mysql-connector-j/9.1.0/mysql-connector-j-9.1.0.jar:/home/surenk/.m2/repository/org/springframework/boot/spring-boot-configuration-processor/3.4.2/spring-boot-configuration-processor-3.4.2.jar:/home/surenk/.m2/repository/org/projectlombok/lombok/1.18.36/lombok-1.18.36.jar:/home/surenk/.m2/repository/org/springframework/boot/spring-boot-starter-test/3.4.2/spring-boot-starter-test-3.4.2.jar:/home/surenk/.m2/repository/org/springframework/boot/spring-boot-test/3.4.2/spring-boot-test-3.4.2.jar:/home/surenk/.m2/repository/org/springframework/boot/spring-boot-test-autoconfigure/3.4.2/spring-boot-test-autoconfigure-3.4.2.jar:/home/surenk/.m2/repository/com/jayway/jsonpath/json-path/2.9.0/json-path-2.9.0.jar:/home/surenk/.m2/repository/jakarta/xml/bind/jakarta.xml.bind-api/4.0.2/jakarta.xml.bind-api-4.0.2.jar:/home/surenk/.m2/repository/net/minidev/json-smart/2.5.1/json-smart-2.5.1.jar:/home/surenk/.m2/repository/net/minidev/accessors-smart/2.5.1/accessors-smart-2.5.1.jar:/home/surenk/.m2/repository/org/ow2/asm/asm/9.6/asm-9.6.jar:/home/surenk/.m2/repository/org/assertj/assertj-core/3.26.3/assertj-core-3.26.3.jar:/home/surenk/.m2/repository/org/awaitility/awaitility/4.2.2/awaitility-4.2.2.jar:/home/surenk/.m2/repository/org/hamcrest/hamcrest/2.2/hamcrest-2.2.jar:/home/surenk/.m2/repository/org/junit/jupiter/junit-jupiter/5.11.4/junit-jupiter-5.11.4.jar:/home/surenk/.m2/repository/org/junit/jupiter/junit-jupiter-api/5.11.4/junit-jupiter-api-5.11.4.jar:/home/surenk/.m2/repository/org/opentest4j/opentest4j/1.3.0/opentest4j-1.3.0.jar:/home/surenk/.m2/repository/org/junit/platform/junit-platform-commons/1.11.4/junit-platform-commons-1.11.4.jar:/home/surenk/.m2/repository/org/apiguardian/apiguardian-api/1.1.2/apiguardian-api-1.1.2.jar:/home/surenk/.m2/repository/org/junit/jupiter/junit-jupiter-params/5.11.4/junit-jupiter-params-5.11.4.jar:/home/surenk/.m2/repository/org/junit/jupiter/junit-jupiter-engine/5.11.4/junit-jupiter-engine-5.11.4.jar:/home/surenk/.m2/repository/org/junit/platform/junit-platform-engine/1.11.4/junit-platform-engine-1.11.4.jar:/home/surenk/.m2/repository/org/mockito/mockito-core/5.14.2/mockito-core-5.14.2.jar:/home/surenk/.m2/repository/net/bytebuddy/byte-buddy-agent/1.15.11/byte-buddy-agent-1.15.11.jar:/home/surenk/.m2/repository/org/objenesis/objenesis/3.3/objenesis-3.3.jar:/home/surenk/.m2/repository/org/mockito/mockito-junit-jupiter/5.14.2/mockito-junit-jupiter-5.14.2.jar:/home/surenk/.m2/repository/org/skyscreamer/jsonassert/1.5.3/jsonassert-1.5.3.jar:/home/surenk/.m2/repository/com/vaadin/external/google/android-json/0.0.20131108.vaadin1/android-json-0.0.20131108.vaadin1.jar:/home/surenk/.m2/repository/org/springframework/spring-core/6.2.2/spring-core-6.2.2.jar:/home/surenk/.m2/repository/org/springframework/spring-test/6.2.2/spring-test-6.2.2.jar:/home/surenk/.m2/repository/org/xmlunit/xmlunit-core/2.10.0/xmlunit-core-2.10.0.jar:/home/surenk/.m2/repository/org/springframework/modulith/spring-modulith-starter-test/1.3.1/spring-modulith-starter-test-1.3.1.jar:/home/surenk/.m2/repository/org/springframework/modulith/spring-modulith-test/1.3.1/spring-modulith-test-1.3.1.jar:/home/surenk/.m2/repository/org/springframework/modulith/spring-modulith-docs/1.3.1/spring-modulith-docs-1.3.1.jar:/home/surenk/.m2/repository/com/structurizr/structurizr-core/1.29.0/structurizr-core-1.29.0.jar:/home/surenk/.m2/repository/com/google/code/findbugs/jsr305/3.0.2/jsr305-3.0.2.jar:/home/surenk/.m2/repository/commons-logging/commons-logging/1.2/commons-logging-1.2.jar:/home/surenk/.m2/repository/com/structurizr/structurizr-export/1.19.0/structurizr-export-1.19.0.jar:/home/surenk/.m2/repository/org/springframework/security/spring-security-test/6.4.2/spring-security-test-6.4.2.jar:/home/surenk/.m2/repository/org/springframework/security/spring-security-core/6.4.2/spring-security-core-6.4.2.jar:/home/surenk/.m2/repository/org/springframework/security/spring-security-crypto/6.4.2/spring-security-crypto-6.4.2.jar:/home/surenk/.m2/repository/me/paulschwarz/spring-dotenv/4.0.0/spring-dotenv-4.0.0.jar:/home/surenk/.m2/repository/io/github/cdimascio/dotenv-java/3.0.0/dotenv-java-3.0.0.jar:"/>
    <property name="java.vm.vendor" value="Arch Linux"/>
    <property name="sun.arch.data.model" value="64"/>
    <property name="java.vendor.url" value="https://openjdk.java.net/"/>
    <property name="user.timezone" value="Asia/Singapore"/>
    <property name="org.jboss.logging.provider" value="slf4j"/>
    <property name="os.name" value="Linux"/>
    <property name="java.vm.specification.version" value="17"/>
    <property name="APPLICATION_NAME" value="SpendSense-BackEnd"/>
    <property name="sun.java.launcher" value="SUN_STANDARD"/>
    <property name="user.country" value="SG"/>
    <property name="sun.boot.library.path" value="/usr/lib/jvm/java-17-openjdk/lib"/>
    <property name="sun.java.command" value="/home/surenk/Personal_Projects/FinanceTracker/SpendSense/SpendSense-BackEnd/target/surefire/surefirebooter-20250223033358506_3.jar /home/surenk/Personal_Projects/FinanceTracker/SpendSense/SpendSense-BackEnd/target/surefire 2025-02-23T03-33-58_476-jvmRun1 surefire-20250223033358506_1tmp surefire_0-20250223033358506_2tmp"/>
    <property name="jdk.debug" value="release"/>
    <property name="surefire.test.class.path" value="/home/surenk/Personal_Projects/FinanceTracker/SpendSense/SpendSense-BackEnd/target/test-classes:/home/surenk/Personal_Projects/FinanceTracker/SpendSense/SpendSense-BackEnd/target/classes:/home/surenk/.m2/repository/org/springframework/boot/spring-boot-starter-data-jpa/3.4.2/spring-boot-starter-data-jpa-3.4.2.jar:/home/surenk/.m2/repository/org/springframework/boot/spring-boot-starter/3.4.2/spring-boot-starter-3.4.2.jar:/home/surenk/.m2/repository/org/springframework/boot/spring-boot-starter-logging/3.4.2/spring-boot-starter-logging-3.4.2.jar:/home/surenk/.m2/repository/ch/qos/logback/logback-classic/1.5.16/logback-classic-1.5.16.jar:/home/surenk/.m2/repository/ch/qos/logback/logback-core/1.5.16/logback-core-1.5.16.jar:/home/surenk/.m2/repository/org/apache/logging/log4j/log4j-to-slf4j/2.24.3/log4j-to-slf4j-2.24.3.jar:/home/surenk/.m2/repository/org/apache/logging/log4j/log4j-api/2.24.3/log4j-api-2.24.3.jar:/home/surenk/.m2/repository/org/slf4j/jul-to-slf4j/2.0.16/jul-to-slf4j-2.0.16.jar:/home/surenk/.m2/repository/jakarta/annotation/jakarta.annotation-api/2.1.1/jakarta.annotation-api-2.1.1.jar:/home/surenk/.m2/repository/org/yaml/snakeyaml/2.3/snakeyaml-2.3.jar:/home/surenk/.m2/repository/org/springframework/boot/spring-boot-starter-jdbc/3.4.2/spring-boot-starter-jdbc-3.4.2.jar:/home/surenk/.m2/repository/com/zaxxer/HikariCP/5.1.0/HikariCP-5.1.0.jar:/home/surenk/.m2/repository/org/springframework/spring-jdbc/6.2.2/spring-jdbc-6.2.2.jar:/home/surenk/.m2/repository/org/hibernate/orm/hibernate-core/6.6.5.Final/hibernate-core-6.6.5.Final.jar:/home/surenk/.m2/repository/jakarta/persistence/jakarta.persistence-api/3.1.0/jakarta.persistence-api-3.1.0.jar:/home/surenk/.m2/repository/jakarta/transaction/jakarta.transaction-api/2.0.1/jakarta.transaction-api-2.0.1.jar:/home/surenk/.m2/repository/org/jboss/logging/jboss-logging/3.6.1.Final/jboss-logging-3.6.1.Final.jar:/home/surenk/.m2/repository/org/hibernate/common/hibernate-commons-annotations/7.0.3.Final/hibernate-commons-annotations-7.0.3.Final.jar:/home/surenk/.m2/repository/io/smallrye/jandex/3.2.0/jandex-3.2.0.jar:/home/surenk/.m2/repository/com/fasterxml/classmate/1.7.0/classmate-1.7.0.jar:/home/surenk/.m2/repository/net/bytebuddy/byte-buddy/1.15.11/byte-buddy-1.15.11.jar:/home/surenk/.m2/repository/org/glassfish/jaxb/jaxb-runtime/4.0.5/jaxb-runtime-4.0.5.jar:/home/surenk/.m2/repository/org/glassfish/jaxb/jaxb-core/4.0.5/jaxb-core-4.0.5.jar:/home/surenk/.m2/repository/org/glassfish/jaxb/txw2/4.0.5/txw2-4.0.5.jar:/home/surenk/.m2/repository/com/sun/istack/istack-commons-runtime/4.1.2/istack-commons-runtime-4.1.2.jar:/home/surenk/.m2/repository/jakarta/inject/jakarta.inject-api/2.0.1/jakarta.inject-api-2.0.1.jar:/home/surenk/.m2/repository/org/antlr/antlr4-runtime/4.13.0/antlr4-runtime-4.13.0.jar:/home/surenk/.m2/repository/org/springframework/data/spring-data-jpa/3.4.2/spring-data-jpa-3.4.2.jar:/home/surenk/.m2/repository/org/springframework/data/spring-data-commons/3.4.2/spring-data-commons-3.4.2.jar:/home/surenk/.m2/repository/org/springframework/spring-orm/6.2.2/spring-orm-6.2.2.jar:/home/surenk/.m2/repository/org/springframework/spring-context/6.2.2/spring-context-6.2.2.jar:/home/surenk/.m2/repository/org/springframework/spring-tx/6.2.2/spring-tx-6.2.2.jar:/home/surenk/.m2/repository/org/springframework/spring-beans/6.2.2/spring-beans-6.2.2.jar:/home/surenk/.m2/repository/org/slf4j/slf4j-api/2.0.16/slf4j-api-2.0.16.jar:/home/surenk/.m2/repository/org/springframework/spring-aspects/6.2.2/spring-aspects-6.2.2.jar:/home/surenk/.m2/repository/org/aspectj/aspectjweaver/1.9.22.1/aspectjweaver-1.9.22.1.jar:/home/surenk/.m2/repository/org/springframework/boot/spring-boot-starter-mail/3.4.2/spring-boot-starter-mail-3.4.2.jar:/home/surenk/.m2/repository/org/springframework/spring-context-support/6.2.2/spring-context-support-6.2.2.jar:/home/surenk/.m2/repository/org/eclipse/angus/jakarta.mail/2.0.3/jakarta.mail-2.0.3.jar:/home/surenk/.m2/repository/jakarta/activation/jakarta.activation-api/2.1.3/jakarta.activation-api-2.1.3.jar:/home/surenk/.m2/repository/org/eclipse/angus/angus-activation/2.0.2/angus-activation-2.0.2.jar:/home/surenk/.m2/repository/org/springframework/boot/spring-boot-starter-security/3.4.2/spring-boot-starter-security-3.4.2.jar:/home/surenk/.m2/repository/org/springframework/spring-aop/6.2.2/spring-aop-6.2.2.jar:/home/surenk/.m2/repository/org/springframework/security/spring-security-config/6.4.2/spring-security-config-6.4.2.jar:/home/surenk/.m2/repository/org/springframework/security/spring-security-web/6.4.2/spring-security-web-6.4.2.jar:/home/surenk/.m2/repository/org/springframework/spring-expression/6.2.2/spring-expression-6.2.2.jar:/home/surenk/.m2/repository/org/springframework/boot/spring-boot-starter-validation/3.4.2/spring-boot-starter-validation-3.4.2.jar:/home/surenk/.m2/repository/org/apache/tomcat/embed/tomcat-embed-el/10.1.34/tomcat-embed-el-10.1.34.jar:/home/surenk/.m2/repository/org/hibernate/validator/hibernate-validator/8.0.2.Final/hibernate-validator-8.0.2.Final.jar:/home/surenk/.m2/repository/jakarta/validation/jakarta.validation-api/3.0.2/jakarta.validation-api-3.0.2.jar:/home/surenk/.m2/repository/org/springframework/boot/spring-boot-starter-web/3.4.2/spring-boot-starter-web-3.4.2.jar:/home/surenk/.m2/repository/org/springframework/boot/spring-boot-starter-json/3.4.2/spring-boot-starter-json-3.4.2.jar:/home/surenk/.m2/repository/com/fasterxml/jackson/datatype/jackson-datatype-jdk8/2.18.2/jackson-datatype-jdk8-2.18.2.jar:/home/surenk/.m2/repository/com/fasterxml/jackson/datatype/jackson-datatype-jsr310/2.18.2/jackson-datatype-jsr310-2.18.2.jar:/home/surenk/.m2/repository/org/springframework/boot/spring-boot-starter-tomcat/3.4.2/spring-boot-starter-tomcat-3.4.2.jar:/home/surenk/.m2/repository/org/apache/tomcat/embed/tomcat-embed-core/10.1.34/tomcat-embed-core-10.1.34.jar:/home/surenk/.m2/repository/org/apache/tomcat/embed/tomcat-embed-websocket/10.1.34/tomcat-embed-websocket-10.1.34.jar:/home/surenk/.m2/repository/org/springframework/spring-web/6.2.2/spring-web-6.2.2.jar:/home/surenk/.m2/repository/io/micrometer/micrometer-observation/1.14.3/micrometer-observation-1.14.3.jar:/home/surenk/.m2/repository/io/micrometer/micrometer-commons/1.14.3/micrometer-commons-1.14.3.jar:/home/surenk/.m2/repository/org/springframework/spring-webmvc/6.2.2/spring-webmvc-6.2.2.jar:/home/surenk/.m2/repository/org/springframework/modulith/spring-modulith-starter-core/1.3.1/spring-modulith-starter-core-1.3.1.jar:/home/surenk/.m2/repository/org/springframework/modulith/spring-modulith-api/1.3.1/spring-modulith-api-1.3.1.jar:/home/surenk/.m2/repository/org/springframework/modulith/spring-modulith-apt/1.3.1/spring-modulith-apt-1.3.1.jar:/home/surenk/.m2/repository/org/springframework/modulith/spring-modulith-core/1.3.1/spring-modulith-core-1.3.1.jar:/home/surenk/.m2/repository/com/tngtech/archunit/archunit/1.3.0/archunit-1.3.0.jar:/home/surenk/.m2/repository/org/springframework/modulith/spring-modulith-moments/1.3.1/spring-modulith-moments-1.3.1.jar:/home/surenk/.m2/repository/org/jmolecules/jmolecules-events/1.10.0/jmolecules-events-1.10.0.jar:/home/surenk/.m2/repository/org/springframework/modulith/spring-modulith-starter-jpa/1.3.1/spring-modulith-starter-jpa-1.3.1.jar:/home/surenk/.m2/repository/org/springframework/modulith/spring-modulith-events-api/1.3.1/spring-modulith-events-api-1.3.1.jar:/home/surenk/.m2/repository/org/springframework/modulith/spring-modulith-events-core/1.3.1/spring-modulith-events-core-1.3.1.jar:/home/surenk/.m2/repository/org/slf4j/jcl-over-slf4j/2.0.16/jcl-over-slf4j-2.0.16.jar:/home/surenk/.m2/repository/org/springframework/modulith/spring-modulith-events-jackson/1.3.1/spring-modulith-events-jackson-1.3.1.jar:/home/surenk/.m2/repository/org/springframework/modulith/spring-modulith-events-jpa/1.3.1/spring-modulith-events-jpa-1.3.1.jar:/home/surenk/.m2/repository/org/springframework/session/spring-session-core/3.4.1/spring-session-core-3.4.1.jar:/home/surenk/.m2/repository/org/springframework/spring-jcl/6.2.2/spring-jcl-6.2.2.jar:/home/surenk/.m2/repository/org/springframework/boot/spring-boot-devtools/3.4.2/spring-boot-devtools-3.4.2.jar:/home/surenk/.m2/repository/org/springframework/boot/spring-boot/3.4.2/spring-boot-3.4.2.jar:/home/surenk/.m2/repository/org/springframework/boot/spring-boot-autoconfigure/3.4.2/spring-boot-autoconfigure-3.4.2.jar:/home/surenk/.m2/repository/org/springframework/boot/spring-boot-docker-compose/3.4.2/spring-boot-docker-compose-3.4.2.jar:/home/surenk/.m2/repository/com/fasterxml/jackson/core/jackson-databind/2.18.2/jackson-databind-2.18.2.jar:/home/surenk/.m2/repository/com/fasterxml/jackson/core/jackson-annotations/2.18.2/jackson-annotations-2.18.2.jar:/home/surenk/.m2/repository/com/fasterxml/jackson/core/jackson-core/2.18.2/jackson-core-2.18.2.jar:/home/surenk/.m2/repository/com/fasterxml/jackson/module/jackson-module-parameter-names/2.18.2/jackson-module-parameter-names-2.18.2.jar:/home/surenk/.m2/repository/com/mysql/mysql-connector-j/9.1.0/mysql-connector-j-9.1.0.jar:/home/surenk/.m2/repository/org/springframework/boot/spring-boot-configuration-processor/3.4.2/spring-boot-configuration-processor-3.4.2.jar:/home/surenk/.m2/repository/org/projectlombok/lombok/1.18.36/lombok-1.18.36.jar:/home/surenk/.m2/repository/org/springframework/boot/spring-boot-starter-test/3.4.2/spring-boot-starter-test-3.4.2.jar:/home/surenk/.m2/repository/org/springframework/boot/spring-boot-test/3.4.2/spring-boot-test-3.4.2.jar:/home/surenk/.m2/repository/org/springframework/boot/spring-boot-test-autoconfigure/3.4.2/spring-boot-test-autoconfigure-3.4.2.jar:/home/surenk/.m2/repository/com/jayway/jsonpath/json-path/2.9.0/json-path-2.9.0.jar:/home/surenk/.m2/repository/jakarta/xml/bind/jakarta.xml.bind-api/4.0.2/jakarta.xml.bind-api-4.0.2.jar:/home/surenk/.m2/repository/net/minidev/json-smart/2.5.1/json-smart-2.5.1.jar:/home/surenk/.m2/repository/net/minidev/accessors-smart/2.5.1/accessors-smart-2.5.1.jar:/home/surenk/.m2/repository/org/ow2/asm/asm/9.6/asm-9.6.jar:/home/surenk/.m2/repository/org/assertj/assertj-core/3.26.3/assertj-core-3.26.3.jar:/home/surenk/.m2/repository/org/awaitility/awaitility/4.2.2/awaitility-4.2.2.jar:/home/surenk/.m2/repository/org/hamcrest/hamcrest/2.2/hamcrest-2.2.jar:/home/surenk/.m2/repository/org/junit/jupiter/junit-jupiter/5.11.4/junit-jupiter-5.11.4.jar:/home/surenk/.m2/repository/org/junit/jupiter/junit-jupiter-api/5.11.4/junit-jupiter-api-5.11.4.jar:/home/surenk/.m2/repository/org/opentest4j/opentest4j/1.3.0/opentest4j-1.3.0.jar:/home/surenk/.m2/repository/org/junit/platform/junit-platform-commons/1.11.4/junit-platform-commons-1.11.4.jar:/home/surenk/.m2/repository/org/apiguardian/apiguardian-api/1.1.2/apiguardian-api-1.1.2.jar:/home/surenk/.m2/repository/org/junit/jupiter/junit-jupiter-params/5.11.4/junit-jupiter-params-5.11.4.jar:/home/surenk/.m2/repository/org/junit/jupiter/junit-jupiter-engine/5.11.4/junit-jupiter-engine-5.11.4.jar:/home/surenk/.m2/repository/org/junit/platform/junit-platform-engine/1.11.4/junit-platform-engine-1.11.4.jar:/home/surenk/.m2/repository/org/mockito/mockito-core/5.14.2/mockito-core-5.14.2.jar:/home/surenk/.m2/repository/net/bytebuddy/byte-buddy-agent/1.15.11/byte-buddy-agent-1.15.11.jar:/home/surenk/.m2/repository/org/objenesis/objenesis/3.3/objenesis-3.3.jar:/home/surenk/.m2/repository/org/mockito/mockito-junit-jupiter/5.14.2/mockito-junit-jupiter-5.14.2.jar:/home/surenk/.m2/repository/org/skyscreamer/jsonassert/1.5.3/jsonassert-1.5.3.jar:/home/surenk/.m2/repository/com/vaadin/external/google/android-json/0.0.20131108.vaadin1/android-json-0.0.20131108.vaadin1.jar:/home/surenk/.m2/repository/org/springframework/spring-core/6.2.2/spring-core-6.2.2.jar:/home/surenk/.m2/repository/org/springframework/spring-test/6.2.2/spring-test-6.2.2.jar:/home/surenk/.m2/repository/org/xmlunit/xmlunit-core/2.10.0/xmlunit-core-2.10.0.jar:/home/surenk/.m2/repository/org/springframework/modulith/spring-modulith-starter-test/1.3.1/spring-modulith-starter-test-1.3.1.jar:/home/surenk/.m2/repository/org/springframework/modulith/spring-modulith-test/1.3.1/spring-modulith-test-1.3.1.jar:/home/surenk/.m2/repository/org/springframework/modulith/spring-modulith-docs/1.3.1/spring-modulith-docs-1.3.1.jar:/home/surenk/.m2/repository/com/structurizr/structurizr-core/1.29.0/structurizr-core-1.29.0.jar:/home/surenk/.m2/repository/com/google/code/findbugs/jsr305/3.0.2/jsr305-3.0.2.jar:/home/surenk/.m2/repository/commons-logging/commons-logging/1.2/commons-logging-1.2.jar:/home/surenk/.m2/repository/com/structurizr/structurizr-export/1.19.0/structurizr-export-1.19.0.jar:/home/surenk/.m2/repository/org/springframework/security/spring-security-test/6.4.2/spring-security-test-6.4.2.jar:/home/surenk/.m2/repository/org/springframework/security/spring-security-core/6.4.2/spring-security-core-6.4.2.jar:/home/surenk/.m2/repository/org/springframework/security/spring-security-crypto/6.4.2/spring-security-crypto-6.4.2.jar:/home/surenk/.m2/repository/me/paulschwarz/spring-dotenv/4.0.0/spring-dotenv-4.0.0.jar:/home/surenk/.m2/repository/io/github/cdimascio/dotenv-java/3.0.0/dotenv-java-3.0.0.jar:"/>
    <property name="sun.cpu.endian" value="little"/>
    <property name="user.home" value="/home/surenk"/>
    <property name="user.language" value="en"/>
    <property name="java.specification.vendor" value="Oracle Corporation"/>
    <property name="java.version.date" value="2025-01-21"/>
    <property name="java.home" value="/usr/lib/jvm/java-17-openjdk"/>
    <property name="file.separator" value="/"/>
    <property name="basedir" value="/home/surenk/Personal_Projects/FinanceTracker/SpendSense/SpendSense-BackEnd"/>
    <property name="java.vm.compressedOopsMode" value="Zero based"/>
    <property name="line.separator" value="&#10;"/>
    <property name="java.specification.name" value="Java Platform API Specification"/>
    <property name="java.vm.specification.vendor" value="Oracle Corporation"/>
    <property name="FILE_LOG_CHARSET" value="UTF-8"/>
    <property name="java.awt.headless" value="true"/>
    <property name="surefire.real.class.path" value="/home/surenk/Personal_Projects/FinanceTracker/SpendSense/SpendSense-BackEnd/target/surefire/surefirebooter-20250223033358506_3.jar"/>
    <property name="sun.management.compiler" value="HotSpot 64-Bit Tiered Compilers"/>
    <property name="java.runtime.version" value="17.0.14+7"/>
    <property name="user.name" value="surenk"/>
    <property name="path.separator" value=":"/>
    <property name="os.version" value="6.12.12-2-MANJARO"/>
    <property name="java.runtime.name" value="OpenJDK Runtime Environment"/>
    <property name="file.encoding" value="UTF-8"/>
    <property name="java.vm.name" value="OpenJDK 64-Bit Server VM"/>
    <property name="localRepository" value="/home/surenk/.m2/repository"/>
    <property name="java.vendor.url.bug" value="https://bugreport.java.com/bugreport/"/>
    <property name="java.io.tmpdir" value="/tmp"/>
    <property name="com.zaxxer.hikari.pool_number" value="1"/>
    <property name="java.version" value="17.0.14"/>
    <property name="user.dir" value="/home/surenk/Personal_Projects/FinanceTracker/SpendSense/SpendSense-BackEnd"/>
    <property name="os.arch" value="amd64"/>
    <property name="java.vm.specification.name" value="Java Virtual Machine Specification"/>
    <property name="PID" value="32222"/>
    <property name="CONSOLE_LOG_CHARSET" value="UTF-8"/>
    <property name="native.encoding" value="UTF-8"/>
    <property name="java.library.path" value="/usr/java/packages/lib:/usr/lib64:/lib64:/lib:/usr/lib"/>
    <property name="java.vm.info" value="mixed mode, sharing"/>
    <property name="java.vendor" value="Arch Linux"/>
    <property name="java.vm.version" value="17.0.14+7"/>
    <property name="java.specification.maintenance.version" value="1"/>
    <property name="sun.io.unicode.encoding" value="UnicodeLittle"/>
    <property name="java.class.version" value="61.0"/>
    <property name="LOGGED_APPLICATION_NAME" value="[SpendSense-BackEnd] "/>
  </properties>
  <testcase name="contextLoads" classname="com.MrSurenK.SpendSense_BackEnd.SpendSenseBackEndApplicationTests" time="0.224">
    <system-out><![CDATA[03:33:58.830 [main] INFO org.springframework.test.context.support.AnnotationConfigContextLoaderUtils -- Could not detect default configuration classes for test class [com.MrSurenK.SpendSense_BackEnd.SpendSenseBackEndApplicationTests]: SpendSenseBackEndApplicationTests does not declare any static, non-private, non-final, nested classes annotated with @Configuration.
03:33:58.869 [main] INFO org.springframework.boot.test.context.SpringBootTestContextBootstrapper -- Found @SpringBootConfiguration com.MrSurenK.SpendSense_BackEnd.SpendSenseBackEndApplication for test class com.MrSurenK.SpendSense_BackEnd.SpendSenseBackEndApplicationTests
03:33:58.931 [main] INFO org.springframework.boot.devtools.restart.RestartApplicationListener -- Restart disabled due to context in which it is running

  .   ____          _            __ _ _
 /\\ / ___'_ __ _ _(_)_ __  __ _ \ \ \ \
( ( )\___ | '_ | '_| | '_ \/ _` | \ \ \ \
 \\/  ___)| |_)| | | | | || (_| |  ) ) ) )
  '  |____| .__|_| |_|_| |_\__, | / / / /
 =========|_|==============|___/=/_/_/_/

 :: Spring Boot ::                (v3.4.2)

2025-02-23T03:33:59.030+08:00  INFO 32222 --- [SpendSense-BackEnd] [           main] c.M.S.SpendSenseBackEndApplicationTests  : Starting SpendSenseBackEndApplicationTests using Java 17.0.14 with PID 32222 (started by surenk in /home/surenk/Personal_Projects/FinanceTracker/SpendSense/SpendSense-BackEnd)
2025-02-23T03:33:59.031+08:00  INFO 32222 --- [SpendSense-BackEnd] [           main] c.M.S.SpendSenseBackEndApplicationTests  : No active profile set, falling back to 1 default profile: "default"
2025-02-23T03:33:59.264+08:00  INFO 32222 --- [SpendSense-BackEnd] [           main] .s.d.r.c.RepositoryConfigurationDelegate : Bootstrapping Spring Data JPA repositories in DEFAULT mode.
2025-02-23T03:33:59.275+08:00  INFO 32222 --- [SpendSense-BackEnd] [           main] .s.d.r.c.RepositoryConfigurationDelegate : Finished Spring Data repository scanning in 5 ms. Found 0 JPA repository interfaces.
2025-02-23T03:33:59.453+08:00  INFO 32222 --- [SpendSense-BackEnd] [           main] o.hibernate.jpa.internal.util.LogHelper  : HHH000204: Processing PersistenceUnitInfo [name: default]
2025-02-23T03:33:59.469+08:00  INFO 32222 --- [SpendSense-BackEnd] [           main] org.hibernate.Version                    : HHH000412: Hibernate ORM core version 6.6.5.Final
2025-02-23T03:33:59.487+08:00  INFO 32222 --- [SpendSense-BackEnd] [           main] o.h.c.internal.RegionFactoryInitiator    : HHH000026: Second-level cache disabled
2025-02-23T03:33:59.605+08:00  INFO 32222 --- [SpendSense-BackEnd] [           main] o.s.o.j.p.SpringPersistenceUnitInfo      : No LoadTimeWeaver setup: ignoring JPA class transformer
2025-02-23T03:33:59.617+08:00  INFO 32222 --- [SpendSense-BackEnd] [           main] com.zaxxer.hikari.HikariDataSource       : HikariPool-1 - Starting...
2025-02-23T03:33:59.754+08:00  INFO 32222 --- [SpendSense-BackEnd] [           main] com.zaxxer.hikari.pool.HikariPool        : HikariPool-1 - Added connection com.mysql.cj.jdbc.ConnectionImpl@cf9bd1e
2025-02-23T03:33:59.755+08:00  INFO 32222 --- [SpendSense-BackEnd] [           main] com.zaxxer.hikari.HikariDataSource       : HikariPool-1 - Start completed.
2025-02-23T03:33:59.774+08:00  WARN 32222 --- [SpendSense-BackEnd] [           main] org.hibernate.orm.deprecation            : HHH90000025: MySQL8Dialect does not need to be specified explicitly using 'hibernate.dialect' (remove the property setting and it will be selected by default)
2025-02-23T03:33:59.775+08:00  WARN 32222 --- [SpendSense-BackEnd] [           main] org.hibernate.orm.deprecation            : HHH90000026: MySQL8Dialect has been deprecated; use org.hibernate.dialect.MySQLDialect instead
2025-02-23T03:33:59.782+08:00  INFO 32222 --- [SpendSense-BackEnd] [           main] org.hibernate.orm.connections.pooling    : HHH10001005: Database info:
	Database JDBC URL [Connecting through datasource 'HikariDataSource (HikariPool-1)']
	Database driver: undefined/unknown
	Database version: 8.0
	Autocommit mode: undefined/unknown
	Isolation level: undefined/unknown
	Minimum pool size: undefined/unknown
	Maximum pool size: undefined/unknown
2025-02-23T03:34:00.072+08:00  INFO 32222 --- [SpendSense-BackEnd] [           main] o.h.e.t.j.p.i.JtaPlatformInitiator       : HHH000489: No JTA platform available (set 'hibernate.transaction.jta.platform' to enable JTA platform integration)
2025-02-23T03:34:00.091+08:00  INFO 32222 --- [SpendSense-BackEnd] [           main] j.LocalContainerEntityManagerFactoryBean : Initialized JPA EntityManagerFactory for persistence unit 'default'
2025-02-23T03:34:00.200+08:00  WARN 32222 --- [SpendSense-BackEnd] [           main] JpaBaseConfiguration$JpaWebConfiguration : spring.jpa.open-in-view is enabled by default. Therefore, database queries may be performed during view rendering. Explicitly configure spring.jpa.open-in-view to disable this warning
2025-02-23T03:34:00.497+08:00  INFO 32222 --- [SpendSense-BackEnd] [           main] o.s.s.config.TaskSchedulerRouter         : No TaskScheduler/ScheduledExecutorService bean found for scheduled processing
2025-02-23T03:34:00.499+08:00  INFO 32222 --- [SpendSense-BackEnd] [           main] c.M.S.SpendSenseBackEndApplicationTests  : Started SpendSenseBackEndApplicationTests in 1.571 seconds (process running for 1.966)
]]></system-out>
  </testcase>
</testsuite>